{"C:\\Users\\Edu\\Desktop\\rest_api_express_typescript\\src\\router.ts": {"path":"C:\\Users\\Edu\\Desktop\\rest_api_express_typescript\\src\\router.ts","statementMap":{"0":{"start":{"line":1,"column":0},"end":{"line":1,"column":33}},"1":{"start":{"line":2,"column":0},"end":{"line":2,"column":131}},"2":{"start":{"line":3,"column":0},"end":{"line":3,"column":48}},"3":{"start":{"line":4,"column":0},"end":{"line":4,"column":48}},"4":{"start":{"line":6,"column":15},"end":{"line":6,"column":23}},"5":{"start":{"line":8,"column":4},"end":{"line":45,"column":null}},"6":{"start":{"line":20,"column":29},"end":{"line":20,"column":38}},"7":{"start":{"line":31,"column":29},"end":{"line":31,"column":38}},"8":{"start":{"line":47,"column":0},"end":{"line":47,"column":null}}},"fnMap":{"0":{"name":"(anonymous_0)","decl":{"start":{"line":20,"column":20},"end":{"line":20,"column":25}},"loc":{"start":{"line":20,"column":29},"end":{"line":20,"column":38}}},"1":{"name":"(anonymous_1)","decl":{"start":{"line":31,"column":20},"end":{"line":31,"column":25}},"loc":{"start":{"line":31,"column":29},"end":{"line":31,"column":38}}}},"branchMap":{},"s":{"0":2,"1":2,"2":2,"3":2,"4":2,"5":2,"6":3,"7":5,"8":2},"f":{"0":3,"1":5},"b":{}}
,"C:\\Users\\Edu\\Desktop\\rest_api_express_typescript\\src\\server.ts": {"path":"C:\\Users\\Edu\\Desktop\\rest_api_express_typescript\\src\\server.ts","statementMap":{"0":{"start":{"line":8,"column":0},"end":{"line":8,"column":7}},"1":{"start":{"line":1,"column":0},"end":{"line":1,"column":29}},"2":{"start":{"line":2,"column":0},"end":{"line":2,"column":29}},"3":{"start":{"line":3,"column":0},"end":{"line":3,"column":28}},"4":{"start":{"line":4,"column":0},"end":{"line":4,"column":27}},"5":{"start":{"line":6,"column":15},"end":{"line":6,"column":24}},"6":{"start":{"line":9,"column":4},"end":{"line":15,"column":5}},"7":{"start":{"line":10,"column":8},"end":{"line":10,"column":null}},"8":{"start":{"line":11,"column":8},"end":{"line":11,"column":null}},"9":{"start":{"line":14,"column":28},"end":{"line":14,"column":null}},"10":{"start":{"line":18,"column":0},"end":{"line":18,"column":null}},"11":{"start":{"line":20,"column":0},"end":{"line":20,"column":null}},"12":{"start":{"line":21,"column":0},"end":{"line":21,"column":null}},"13":{"start":{"line":23,"column":0},"end":{"line":25,"column":null}},"14":{"start":{"line":24,"column":4},"end":{"line":24,"column":null}},"15":{"start":{"line":28,"column":0},"end":{"line":28,"column":null}},"16":{"start":{"line":35,"column":85},"end":{"line":35,"column":40301}},"17":{"start":{"line":35,"column":89},"end":{"line":35,"column":40290}},"18":{"start":{"line":35,"column":40416},"end":{"line":35,"column":40422}},"19":{"start":{"line":35,"column":40537},"end":{"line":35,"column":40543}},"20":{"start":{"line":35,"column":40658},"end":{"line":35,"column":40664}},"21":{"start":{"line":35,"column":40783},"end":{"line":35,"column":40789}},"22":{"start":{"line":35,"column":40933},"end":{"line":35,"column":40939}}},"fnMap":{"0":{"name":"connectDB","decl":{"start":{"line":8,"column":22},"end":{"line":8,"column":31}},"loc":{"start":{"line":8,"column":31},"end":{"line":16,"column":1}}},"1":{"name":"(anonymous_2)","decl":{"start":{"line":23,"column":19},"end":{"line":23,"column":20}},"loc":{"start":{"line":23,"column":32},"end":{"line":25,"column":1}}},"2":{"name":"oo_cm","decl":{"start":{"line":35,"column":77},"end":{"line":35,"column":82}},"loc":{"start":{"line":35,"column":82},"end":{"line":35,"column":40302}}}},"branchMap":{"0":{"loc":{"start":{"line":35,"column":96},"end":{"line":35,"column":40289}},"type":"binary-expr","locations":[{"start":{"line":35,"column":96},"end":{"line":35,"column":133}},{"start":{"line":35,"column":137},"end":{"line":35,"column":40289}}]}},"s":{"0":2,"1":2,"2":2,"3":2,"4":2,"5":2,"6":3,"7":3,"8":1,"9":1,"10":2,"11":2,"12":2,"13":2,"14":1,"15":2,"16":1,"17":1,"18":2,"19":2,"20":2,"21":2,"22":2},"f":{"0":3,"1":1,"2":1},"b":{"0":[1,1]}}
,"C:\\Users\\Edu\\Desktop\\rest_api_express_typescript\\src\\config\\db.ts": {"path":"C:\\Users\\Edu\\Desktop\\rest_api_express_typescript\\src\\config\\db.ts","statementMap":{"0":{"start":{"line":1,"column":0},"end":{"line":1,"column":49}},"1":{"start":{"line":2,"column":0},"end":{"line":2,"column":27}},"2":{"start":{"line":3,"column":0},"end":{"line":3,"column":null}},"3":{"start":{"line":5,"column":11},"end":{"line":8,"column":2}},"4":{"start":{"line":10,"column":0},"end":{"line":10,"column":null}}},"fnMap":{},"branchMap":{},"s":{"0":2,"1":2,"2":2,"3":2,"4":2},"f":{},"b":{}}
,"C:\\Users\\Edu\\Desktop\\rest_api_express_typescript\\src\\handlers\\product.ts": {"path":"C:\\Users\\Edu\\Desktop\\rest_api_express_typescript\\src\\handlers\\product.ts","statementMap":{"0":{"start":{"line":2,"column":0},"end":{"line":2,"column":46}},"1":{"start":{"line":3,"column":29},"end":{"line":6,"column":1}},"2":{"start":{"line":4,"column":21},"end":{"line":4,"column":51}},"3":{"start":{"line":5,"column":4},"end":{"line":5,"column":null}},"4":{"start":{"line":3,"column":13},"end":{"line":3,"column":29}},"5":{"start":{"line":8,"column":27},"end":{"line":11,"column":1}},"6":{"start":{"line":9,"column":21},"end":{"line":9,"column":44}},"7":{"start":{"line":10,"column":4},"end":{"line":10,"column":null}},"8":{"start":{"line":8,"column":13},"end":{"line":8,"column":27}},"9":{"start":{"line":12,"column":30},"end":{"line":20,"column":1}},"10":{"start":{"line":13,"column":19},"end":{"line":13,"column":29}},"11":{"start":{"line":14,"column":21},"end":{"line":14,"column":47}},"12":{"start":{"line":15,"column":4},"end":{"line":19,"column":5}},"13":{"start":{"line":16,"column":8},"end":{"line":16,"column":null}},"14":{"start":{"line":18,"column":8},"end":{"line":18,"column":null}},"15":{"start":{"line":12,"column":13},"end":{"line":12,"column":30}},"16":{"start":{"line":21,"column":30},"end":{"line":32,"column":1}},"17":{"start":{"line":22,"column":19},"end":{"line":22,"column":29}},"18":{"start":{"line":23,"column":20},"end":{"line":23,"column":46}},"19":{"start":{"line":25,"column":4},"end":{"line":31,"column":5}},"20":{"start":{"line":26,"column":8},"end":{"line":26,"column":null}},"21":{"start":{"line":27,"column":8},"end":{"line":27,"column":null}},"22":{"start":{"line":28,"column":8},"end":{"line":28,"column":null}},"23":{"start":{"line":30,"column":8},"end":{"line":30,"column":null}},"24":{"start":{"line":21,"column":13},"end":{"line":21,"column":30}},"25":{"start":{"line":33,"column":34},"end":{"line":43,"column":1}},"26":{"start":{"line":34,"column":19},"end":{"line":34,"column":29}},"27":{"start":{"line":35,"column":20},"end":{"line":35,"column":46}},"28":{"start":{"line":36,"column":4},"end":{"line":42,"column":5}},"29":{"start":{"line":37,"column":8},"end":{"line":37,"column":null}},"30":{"start":{"line":38,"column":8},"end":{"line":38,"column":null}},"31":{"start":{"line":39,"column":8},"end":{"line":39,"column":null}},"32":{"start":{"line":41,"column":8},"end":{"line":41,"column":null}},"33":{"start":{"line":33,"column":13},"end":{"line":33,"column":34}},"34":{"start":{"line":45,"column":29},"end":{"line":54,"column":1}},"35":{"start":{"line":46,"column":19},"end":{"line":46,"column":29}},"36":{"start":{"line":47,"column":20},"end":{"line":47,"column":46}},"37":{"start":{"line":48,"column":4},"end":{"line":53,"column":5}},"38":{"start":{"line":49,"column":8},"end":{"line":49,"column":null}},"39":{"start":{"line":50,"column":8},"end":{"line":50,"column":null}},"40":{"start":{"line":52,"column":8},"end":{"line":52,"column":null}},"41":{"start":{"line":45,"column":13},"end":{"line":45,"column":29}}},"fnMap":{"0":{"name":"(anonymous_1)","decl":{"start":{"line":3,"column":29},"end":{"line":3,"column":34}},"loc":{"start":{"line":3,"column":67},"end":{"line":6,"column":1}}},"1":{"name":"(anonymous_2)","decl":{"start":{"line":8,"column":27},"end":{"line":8,"column":32}},"loc":{"start":{"line":8,"column":65},"end":{"line":11,"column":1}}},"2":{"name":"(anonymous_3)","decl":{"start":{"line":12,"column":30},"end":{"line":12,"column":35}},"loc":{"start":{"line":12,"column":68},"end":{"line":20,"column":1}}},"3":{"name":"(anonymous_4)","decl":{"start":{"line":21,"column":30},"end":{"line":21,"column":35}},"loc":{"start":{"line":21,"column":68},"end":{"line":32,"column":1}}},"4":{"name":"(anonymous_5)","decl":{"start":{"line":33,"column":34},"end":{"line":33,"column":39}},"loc":{"start":{"line":33,"column":72},"end":{"line":43,"column":1}}},"5":{"name":"(anonymous_6)","decl":{"start":{"line":45,"column":29},"end":{"line":45,"column":34}},"loc":{"start":{"line":45,"column":67},"end":{"line":54,"column":1}}}},"branchMap":{"0":{"loc":{"start":{"line":15,"column":4},"end":{"line":19,"column":5}},"type":"if","locations":[{"start":{"line":15,"column":4},"end":{"line":19,"column":5}},{"start":{"line":17,"column":11},"end":{"line":19,"column":5}}]},"1":{"loc":{"start":{"line":25,"column":4},"end":{"line":31,"column":5}},"type":"if","locations":[{"start":{"line":25,"column":4},"end":{"line":31,"column":5}},{"start":{"line":29,"column":11},"end":{"line":31,"column":5}}]},"2":{"loc":{"start":{"line":36,"column":4},"end":{"line":42,"column":5}},"type":"if","locations":[{"start":{"line":36,"column":4},"end":{"line":42,"column":5}},{"start":{"line":40,"column":11},"end":{"line":42,"column":5}}]},"3":{"loc":{"start":{"line":48,"column":4},"end":{"line":53,"column":5}},"type":"if","locations":[{"start":{"line":48,"column":4},"end":{"line":53,"column":5}},{"start":{"line":51,"column":11},"end":{"line":53,"column":5}}]}},"s":{"0":2,"1":2,"2":1,"3":1,"4":2,"5":2,"6":2,"7":2,"8":2,"9":2,"10":2,"11":2,"12":2,"13":1,"14":1,"15":2,"16":2,"17":2,"18":2,"19":2,"20":1,"21":1,"22":1,"23":1,"24":2,"25":2,"26":2,"27":2,"28":2,"29":1,"30":1,"31":1,"32":1,"33":2,"34":2,"35":2,"36":2,"37":2,"38":1,"39":1,"40":1,"41":2},"f":{"0":1,"1":2,"2":2,"3":2,"4":2,"5":2},"b":{"0":[1,1],"1":[1,1],"2":[1,1],"3":[1,1]}}
,"C:\\Users\\Edu\\Desktop\\rest_api_express_typescript\\src\\middleware\\index.ts": {"path":"C:\\Users\\Edu\\Desktop\\rest_api_express_typescript\\src\\middleware\\index.ts","statementMap":{"0":{"start":{"line":2,"column":0},"end":{"line":2,"column":52}},"1":{"start":{"line":5,"column":32},"end":{"line":12,"column":1}},"2":{"start":{"line":6,"column":18},"end":{"line":6,"column":39}},"3":{"start":{"line":7,"column":4},"end":{"line":11,"column":5}},"4":{"start":{"line":8,"column":8},"end":{"line":8,"column":15}},"5":{"start":{"line":10,"column":8},"end":{"line":10,"column":null}},"6":{"start":{"line":5,"column":13},"end":{"line":5,"column":32}}},"fnMap":{"0":{"name":"(anonymous_0)","decl":{"start":{"line":5,"column":32},"end":{"line":5,"column":33}},"loc":{"start":{"line":5,"column":83},"end":{"line":12,"column":1}}}},"branchMap":{"0":{"loc":{"start":{"line":7,"column":4},"end":{"line":11,"column":5}},"type":"if","locations":[{"start":{"line":7,"column":4},"end":{"line":11,"column":5}},{"start":{"line":9,"column":11},"end":{"line":11,"column":5}}]}},"s":{"0":2,"1":2,"2":16,"3":16,"4":9,"5":7,"6":2},"f":{"0":16},"b":{"0":[9,7]}}
,"C:\\Users\\Edu\\Desktop\\rest_api_express_typescript\\src\\models\\Products.model.ts": {"path":"C:\\Users\\Edu\\Desktop\\rest_api_express_typescript\\src\\models\\Products.model.ts","statementMap":{"0":{"start":{"line":1,"column":0},"end":{"line":1,"column":79}},"1":{"start":{"line":7,"column":0},"end":{"line":21,"column":null}},"2":{"start":{"line":11,"column":12},"end":{"line":11,"column":null}},"3":{"start":{"line":15,"column":12},"end":{"line":15,"column":null}},"4":{"start":{"line":20,"column":12},"end":{"line":20,"column":null}},"5":{"start":{"line":7,"column":6},"end":{"line":21,"column":null}},"6":{"start":{"line":23,"column":0},"end":{"line":23,"column":null}}},"fnMap":{},"branchMap":{},"s":{"0":2,"1":2,"2":2,"3":2,"4":2,"5":2,"6":2},"f":{},"b":{}}
}
